The system is: Darwin - 19.4.0 - x86_64
Compiling the C compiler identification source file "CMakeCCompilerId.c" succeeded.
Compiler: /Library/Developer/CommandLineTools/usr/bin/cc 
Build flags: 
Id flags:  

The output was:
0


Compilation of the C compiler identification source "CMakeCCompilerId.c" produced "a.out"

The C compiler identification is AppleClang, found in "/Users/xingquan.hf/Code/github/fork/videoconverter.js/build/soxr/Release/CMakeFiles/3.16.4/CompilerIdC/a.out"

Determining if the C compiler works passed with the following output:
Change Dir: /Users/xingquan.hf/Code/github/fork/videoconverter.js/build/soxr/Release/CMakeFiles/CMakeTmp

Run Build Command(s):/usr/bin/make cmTC_0ddbc/fast && /Library/Developer/CommandLineTools/usr/bin/make -f CMakeFiles/cmTC_0ddbc.dir/build.make CMakeFiles/cmTC_0ddbc.dir/build
Building C object CMakeFiles/cmTC_0ddbc.dir/testCCompiler.c.o
/Library/Developer/CommandLineTools/usr/bin/cc   -isysroot /Library/Developer/CommandLineTools/SDKs/MacOSX10.15.sdk   -o CMakeFiles/cmTC_0ddbc.dir/testCCompiler.c.o   -c /Users/xingquan.hf/Code/github/fork/videoconverter.js/build/soxr/Release/CMakeFiles/CMakeTmp/testCCompiler.c
Linking C executable cmTC_0ddbc
/usr/local/Cellar/cmake/3.16.4/bin/cmake -E cmake_link_script CMakeFiles/cmTC_0ddbc.dir/link.txt --verbose=1
/Library/Developer/CommandLineTools/usr/bin/cc   -isysroot /Library/Developer/CommandLineTools/SDKs/MacOSX10.15.sdk -Wl,-search_paths_first -Wl,-headerpad_max_install_names   CMakeFiles/cmTC_0ddbc.dir/testCCompiler.c.o  -o cmTC_0ddbc 



Detecting C compiler ABI info compiled with the following output:
Change Dir: /Users/xingquan.hf/Code/github/fork/videoconverter.js/build/soxr/Release/CMakeFiles/CMakeTmp

Run Build Command(s):/usr/bin/make cmTC_bc4da/fast && /Library/Developer/CommandLineTools/usr/bin/make -f CMakeFiles/cmTC_bc4da.dir/build.make CMakeFiles/cmTC_bc4da.dir/build
Building C object CMakeFiles/cmTC_bc4da.dir/CMakeCCompilerABI.c.o
/Library/Developer/CommandLineTools/usr/bin/cc   -isysroot /Library/Developer/CommandLineTools/SDKs/MacOSX10.15.sdk   -v -Wl,-v -o CMakeFiles/cmTC_bc4da.dir/CMakeCCompilerABI.c.o   -c /usr/local/Cellar/cmake/3.16.4/share/cmake/Modules/CMakeCCompilerABI.c
Apple clang version 11.0.3 (clang-1103.0.32.59)
Target: x86_64-apple-darwin19.4.0
Thread model: posix
InstalledDir: /Library/Developer/CommandLineTools/usr/bin
clang: warning: -Wl,-v: 'linker' input unused [-Wunused-command-line-argument]
 "/Library/Developer/CommandLineTools/usr/bin/clang" -cc1 -triple x86_64-apple-macosx10.15.0 -Wdeprecated-objc-isa-usage -Werror=deprecated-objc-isa-usage -emit-obj -mrelax-all -disable-free -disable-llvm-verifier -discard-value-names -main-file-name CMakeCCompilerABI.c -mrelocation-model pic -pic-level 2 -mthread-model posix -mframe-pointer=all -fno-strict-return -masm-verbose -munwind-tables -target-sdk-version=10.15.4 -target-cpu penryn -dwarf-column-info -debugger-tuning=lldb -target-linker-version 556.6 -v -coverage-notes-file /Users/xingquan.hf/Code/github/fork/videoconverter.js/build/soxr/Release/CMakeFiles/CMakeTmp/CMakeFiles/cmTC_bc4da.dir/CMakeCCompilerABI.c.gcno -resource-dir /Library/Developer/CommandLineTools/usr/lib/clang/11.0.3 -isysroot /Library/Developer/CommandLineTools/SDKs/MacOSX10.15.sdk -internal-isystem /Library/Developer/CommandLineTools/SDKs/MacOSX10.15.sdk/usr/local/include -internal-isystem /Library/Developer/CommandLineTools/usr/lib/clang/11.0.3/include -internal-externc-isystem /Library/Developer/CommandLineTools/SDKs/MacOSX10.15.sdk/usr/include -internal-externc-isystem /Library/Developer/CommandLineTools/usr/include -Wno-objc-signed-char-bool-implicit-int-conversion -Wno-extra-semi-stmt -Wno-quoted-include-in-framework-header -fdebug-compilation-dir /Users/xingquan.hf/Code/github/fork/videoconverter.js/build/soxr/Release/CMakeFiles/CMakeTmp -ferror-limit 19 -fmessage-length 0 -stack-protector 1 -fstack-check -mdarwin-stkchk-strong-link -fblocks -fencode-extended-block-signature -fregister-global-dtors-with-atexit -fobjc-runtime=macosx-10.15.0 -fmax-type-align=16 -fdiagnostics-show-option -o CMakeFiles/cmTC_bc4da.dir/CMakeCCompilerABI.c.o -x c /usr/local/Cellar/cmake/3.16.4/share/cmake/Modules/CMakeCCompilerABI.c
clang -cc1 version 11.0.3 (clang-1103.0.32.59) default target x86_64-apple-darwin19.4.0
ignoring nonexistent directory "/Library/Developer/CommandLineTools/SDKs/MacOSX10.15.sdk/usr/local/include"
ignoring nonexistent directory "/Library/Developer/CommandLineTools/SDKs/MacOSX10.15.sdk/Library/Frameworks"
#include "..." search starts here:
#include <...> search starts here:
 /Library/Developer/CommandLineTools/usr/lib/clang/11.0.3/include
 /Library/Developer/CommandLineTools/SDKs/MacOSX10.15.sdk/usr/include
 /Library/Developer/CommandLineTools/usr/include
 /Library/Developer/CommandLineTools/SDKs/MacOSX10.15.sdk/System/Library/Frameworks (framework directory)
End of search list.
Linking C executable cmTC_bc4da
/usr/local/Cellar/cmake/3.16.4/bin/cmake -E cmake_link_script CMakeFiles/cmTC_bc4da.dir/link.txt --verbose=1
/Library/Developer/CommandLineTools/usr/bin/cc   -isysroot /Library/Developer/CommandLineTools/SDKs/MacOSX10.15.sdk -Wl,-search_paths_first -Wl,-headerpad_max_install_names  -v -Wl,-v CMakeFiles/cmTC_bc4da.dir/CMakeCCompilerABI.c.o  -o cmTC_bc4da 
Apple clang version 11.0.3 (clang-1103.0.32.59)
Target: x86_64-apple-darwin19.4.0
Thread model: posix
InstalledDir: /Library/Developer/CommandLineTools/usr/bin
 "/Library/Developer/CommandLineTools/usr/bin/ld" -demangle -lto_library /Library/Developer/CommandLineTools/usr/lib/libLTO.dylib -dynamic -arch x86_64 -platform_version macos 10.15.0 10.15.4 -syslibroot /Library/Developer/CommandLineTools/SDKs/MacOSX10.15.sdk -o cmTC_bc4da -search_paths_first -headerpad_max_install_names -v CMakeFiles/cmTC_bc4da.dir/CMakeCCompilerABI.c.o -lSystem /Library/Developer/CommandLineTools/usr/lib/clang/11.0.3/lib/darwin/libclang_rt.osx.a
@(#)PROGRAM:ld  PROJECT:ld64-556.6
BUILD 13:10:29 Apr  7 2020
configured to support archs: armv6 armv7 armv7s arm64 arm64e arm64_32 i386 x86_64 x86_64h armv6m armv7k armv7m armv7em
Library search paths:
	/Library/Developer/CommandLineTools/SDKs/MacOSX10.15.sdk/usr/lib
Framework search paths:
	/Library/Developer/CommandLineTools/SDKs/MacOSX10.15.sdk/System/Library/Frameworks/



Parsed C implicit include dir info from above output: rv=done
  found start of include info
  found start of implicit include info
    add: [/Library/Developer/CommandLineTools/usr/lib/clang/11.0.3/include]
    add: [/Library/Developer/CommandLineTools/SDKs/MacOSX10.15.sdk/usr/include]
    add: [/Library/Developer/CommandLineTools/usr/include]
  end of search list found
  collapse include dir [/Library/Developer/CommandLineTools/usr/lib/clang/11.0.3/include] ==> [/Library/Developer/CommandLineTools/usr/lib/clang/11.0.3/include]
  collapse include dir [/Library/Developer/CommandLineTools/SDKs/MacOSX10.15.sdk/usr/include] ==> [/Library/Developer/CommandLineTools/SDKs/MacOSX10.15.sdk/usr/include]
  collapse include dir [/Library/Developer/CommandLineTools/usr/include] ==> [/Library/Developer/CommandLineTools/usr/include]
  implicit include dirs: [/Library/Developer/CommandLineTools/usr/lib/clang/11.0.3/include;/Library/Developer/CommandLineTools/SDKs/MacOSX10.15.sdk/usr/include;/Library/Developer/CommandLineTools/usr/include]


Parsed C implicit link information from above output:
  link line regex: [^( *|.*[/\])(ld|CMAKE_LINK_STARTFILE-NOTFOUND|([^/\]+-)?ld|collect2)[^/\]*( |$)]
  ignore line: [Change Dir: /Users/xingquan.hf/Code/github/fork/videoconverter.js/build/soxr/Release/CMakeFiles/CMakeTmp]
  ignore line: []
  ignore line: [Run Build Command(s):/usr/bin/make cmTC_bc4da/fast && /Library/Developer/CommandLineTools/usr/bin/make -f CMakeFiles/cmTC_bc4da.dir/build.make CMakeFiles/cmTC_bc4da.dir/build]
  ignore line: [Building C object CMakeFiles/cmTC_bc4da.dir/CMakeCCompilerABI.c.o]
  ignore line: [/Library/Developer/CommandLineTools/usr/bin/cc   -isysroot /Library/Developer/CommandLineTools/SDKs/MacOSX10.15.sdk   -v -Wl -v -o CMakeFiles/cmTC_bc4da.dir/CMakeCCompilerABI.c.o   -c /usr/local/Cellar/cmake/3.16.4/share/cmake/Modules/CMakeCCompilerABI.c]
  ignore line: [Apple clang version 11.0.3 (clang-1103.0.32.59)]
  ignore line: [Target: x86_64-apple-darwin19.4.0]
  ignore line: [Thread model: posix]
  ignore line: [InstalledDir: /Library/Developer/CommandLineTools/usr/bin]
  ignore line: [clang: warning: -Wl -v: 'linker' input unused [-Wunused-command-line-argument]]
  ignore line: [ "/Library/Developer/CommandLineTools/usr/bin/clang" -cc1 -triple x86_64-apple-macosx10.15.0 -Wdeprecated-objc-isa-usage -Werror=deprecated-objc-isa-usage -emit-obj -mrelax-all -disable-free -disable-llvm-verifier -discard-value-names -main-file-name CMakeCCompilerABI.c -mrelocation-model pic -pic-level 2 -mthread-model posix -mframe-pointer=all -fno-strict-return -masm-verbose -munwind-tables -target-sdk-version=10.15.4 -target-cpu penryn -dwarf-column-info -debugger-tuning=lldb -target-linker-version 556.6 -v -coverage-notes-file /Users/xingquan.hf/Code/github/fork/videoconverter.js/build/soxr/Release/CMakeFiles/CMakeTmp/CMakeFiles/cmTC_bc4da.dir/CMakeCCompilerABI.c.gcno -resource-dir /Library/Developer/CommandLineTools/usr/lib/clang/11.0.3 -isysroot /Library/Developer/CommandLineTools/SDKs/MacOSX10.15.sdk -internal-isystem /Library/Developer/CommandLineTools/SDKs/MacOSX10.15.sdk/usr/local/include -internal-isystem /Library/Developer/CommandLineTools/usr/lib/clang/11.0.3/include -internal-externc-isystem /Library/Developer/CommandLineTools/SDKs/MacOSX10.15.sdk/usr/include -internal-externc-isystem /Library/Developer/CommandLineTools/usr/include -Wno-objc-signed-char-bool-implicit-int-conversion -Wno-extra-semi-stmt -Wno-quoted-include-in-framework-header -fdebug-compilation-dir /Users/xingquan.hf/Code/github/fork/videoconverter.js/build/soxr/Release/CMakeFiles/CMakeTmp -ferror-limit 19 -fmessage-length 0 -stack-protector 1 -fstack-check -mdarwin-stkchk-strong-link -fblocks -fencode-extended-block-signature -fregister-global-dtors-with-atexit -fobjc-runtime=macosx-10.15.0 -fmax-type-align=16 -fdiagnostics-show-option -o CMakeFiles/cmTC_bc4da.dir/CMakeCCompilerABI.c.o -x c /usr/local/Cellar/cmake/3.16.4/share/cmake/Modules/CMakeCCompilerABI.c]
  ignore line: [clang -cc1 version 11.0.3 (clang-1103.0.32.59) default target x86_64-apple-darwin19.4.0]
  ignore line: [ignoring nonexistent directory "/Library/Developer/CommandLineTools/SDKs/MacOSX10.15.sdk/usr/local/include"]
  ignore line: [ignoring nonexistent directory "/Library/Developer/CommandLineTools/SDKs/MacOSX10.15.sdk/Library/Frameworks"]
  ignore line: [#include "..." search starts here:]
  ignore line: [#include <...> search starts here:]
  ignore line: [ /Library/Developer/CommandLineTools/usr/lib/clang/11.0.3/include]
  ignore line: [ /Library/Developer/CommandLineTools/SDKs/MacOSX10.15.sdk/usr/include]
  ignore line: [ /Library/Developer/CommandLineTools/usr/include]
  ignore line: [ /Library/Developer/CommandLineTools/SDKs/MacOSX10.15.sdk/System/Library/Frameworks (framework directory)]
  ignore line: [End of search list.]
  ignore line: [Linking C executable cmTC_bc4da]
  ignore line: [/usr/local/Cellar/cmake/3.16.4/bin/cmake -E cmake_link_script CMakeFiles/cmTC_bc4da.dir/link.txt --verbose=1]
  ignore line: [/Library/Developer/CommandLineTools/usr/bin/cc   -isysroot /Library/Developer/CommandLineTools/SDKs/MacOSX10.15.sdk -Wl -search_paths_first -Wl -headerpad_max_install_names  -v -Wl -v CMakeFiles/cmTC_bc4da.dir/CMakeCCompilerABI.c.o  -o cmTC_bc4da ]
  ignore line: [Apple clang version 11.0.3 (clang-1103.0.32.59)]
  ignore line: [Target: x86_64-apple-darwin19.4.0]
  ignore line: [Thread model: posix]
  ignore line: [InstalledDir: /Library/Developer/CommandLineTools/usr/bin]
  link line: [ "/Library/Developer/CommandLineTools/usr/bin/ld" -demangle -lto_library /Library/Developer/CommandLineTools/usr/lib/libLTO.dylib -dynamic -arch x86_64 -platform_version macos 10.15.0 10.15.4 -syslibroot /Library/Developer/CommandLineTools/SDKs/MacOSX10.15.sdk -o cmTC_bc4da -search_paths_first -headerpad_max_install_names -v CMakeFiles/cmTC_bc4da.dir/CMakeCCompilerABI.c.o -lSystem /Library/Developer/CommandLineTools/usr/lib/clang/11.0.3/lib/darwin/libclang_rt.osx.a]
    arg [/Library/Developer/CommandLineTools/usr/bin/ld] ==> ignore
    arg [-demangle] ==> ignore
    arg [-lto_library] ==> ignore, skip following value
    arg [/Library/Developer/CommandLineTools/usr/lib/libLTO.dylib] ==> skip value of -lto_library
    arg [-dynamic] ==> ignore
    arg [-arch] ==> ignore
    arg [x86_64] ==> ignore
    arg [-platform_version] ==> ignore
    arg [macos] ==> ignore
    arg [10.15.0] ==> ignore
    arg [10.15.4] ==> ignore
    arg [-syslibroot] ==> ignore
    arg [/Library/Developer/CommandLineTools/SDKs/MacOSX10.15.sdk] ==> ignore
    arg [-o] ==> ignore
    arg [cmTC_bc4da] ==> ignore
    arg [-search_paths_first] ==> ignore
    arg [-headerpad_max_install_names] ==> ignore
    arg [-v] ==> ignore
    arg [CMakeFiles/cmTC_bc4da.dir/CMakeCCompilerABI.c.o] ==> ignore
    arg [-lSystem] ==> lib [System]
    arg [/Library/Developer/CommandLineTools/usr/lib/clang/11.0.3/lib/darwin/libclang_rt.osx.a] ==> lib [/Library/Developer/CommandLineTools/usr/lib/clang/11.0.3/lib/darwin/libclang_rt.osx.a]
  Library search paths: [;/Library/Developer/CommandLineTools/SDKs/MacOSX10.15.sdk/usr/lib]
  Framework search paths: [;/Library/Developer/CommandLineTools/SDKs/MacOSX10.15.sdk/System/Library/Frameworks/]
  remove lib [System]
  remove lib [/Library/Developer/CommandLineTools/usr/lib/clang/11.0.3/lib/darwin/libclang_rt.osx.a]
  collapse library dir [/Library/Developer/CommandLineTools/SDKs/MacOSX10.15.sdk/usr/lib] ==> [/Library/Developer/CommandLineTools/SDKs/MacOSX10.15.sdk/usr/lib]
  collapse framework dir [/Library/Developer/CommandLineTools/SDKs/MacOSX10.15.sdk/System/Library/Frameworks/] ==> [/Library/Developer/CommandLineTools/SDKs/MacOSX10.15.sdk/System/Library/Frameworks]
  implicit libs: []
  implicit dirs: [/Library/Developer/CommandLineTools/SDKs/MacOSX10.15.sdk/usr/lib]
  implicit fwks: [/Library/Developer/CommandLineTools/SDKs/MacOSX10.15.sdk/System/Library/Frameworks]


Determining if the function pow exists in the m passed with the following output:
Change Dir: /Users/xingquan.hf/Code/github/fork/videoconverter.js/build/soxr/Release/CMakeFiles/CMakeTmp

Run Build Command(s):/usr/bin/make cmTC_d816d/fast && /Library/Developer/CommandLineTools/usr/bin/make -f CMakeFiles/cmTC_d816d.dir/build.make CMakeFiles/cmTC_d816d.dir/build
Building C object CMakeFiles/cmTC_d816d.dir/CheckFunctionExists.c.o
/Library/Developer/CommandLineTools/usr/bin/cc   -DCHECK_FUNCTION_EXISTS=pow -isysroot /Library/Developer/CommandLineTools/SDKs/MacOSX10.15.sdk   -o CMakeFiles/cmTC_d816d.dir/CheckFunctionExists.c.o   -c /usr/local/Cellar/cmake/3.16.4/share/cmake/Modules/CheckFunctionExists.c
/usr/local/Cellar/cmake/3.16.4/share/cmake/Modules/CheckFunctionExists.c:7:3: warning: incompatible redeclaration of library function 'pow' [-Wincompatible-library-redeclaration]
  CHECK_FUNCTION_EXISTS(void);
  ^
<command line>:1:31: note: expanded from here
#define CHECK_FUNCTION_EXISTS pow
                              ^
/usr/local/Cellar/cmake/3.16.4/share/cmake/Modules/CheckFunctionExists.c:7:3: note: 'pow' is a builtin with type 'double (double, double)'
<command line>:1:31: note: expanded from here
#define CHECK_FUNCTION_EXISTS pow
                              ^
1 warning generated.
Linking C executable cmTC_d816d
/usr/local/Cellar/cmake/3.16.4/bin/cmake -E cmake_link_script CMakeFiles/cmTC_d816d.dir/link.txt --verbose=1
/Library/Developer/CommandLineTools/usr/bin/cc  -DCHECK_FUNCTION_EXISTS=pow -isysroot /Library/Developer/CommandLineTools/SDKs/MacOSX10.15.sdk -Wl,-search_paths_first -Wl,-headerpad_max_install_names   CMakeFiles/cmTC_d816d.dir/CheckFunctionExists.c.o  -o cmTC_d816d  -lm 



Performing C SOURCE FILE Test DETECT_SIMD32_C_FLAGS succeeded with the following output:
Change Dir: /Users/xingquan.hf/Code/github/fork/videoconverter.js/build/soxr/Release/CMakeFiles/CMakeTmp

Run Build Command(s):/usr/bin/make cmTC_79bf8/fast && /Library/Developer/CommandLineTools/usr/bin/make -f CMakeFiles/cmTC_79bf8.dir/build.make CMakeFiles/cmTC_79bf8.dir/build
Building C object CMakeFiles/cmTC_79bf8.dir/src.c.o
/Library/Developer/CommandLineTools/usr/bin/cc   -DDETECT_SIMD32_C_FLAGS -isysroot /Library/Developer/CommandLineTools/SDKs/MacOSX10.15.sdk   -o CMakeFiles/cmTC_79bf8.dir/src.c.o   -c /Users/xingquan.hf/Code/github/fork/videoconverter.js/build/soxr/Release/CMakeFiles/CMakeTmp/src.c
Linking C executable cmTC_79bf8
/usr/local/Cellar/cmake/3.16.4/bin/cmake -E cmake_link_script CMakeFiles/cmTC_79bf8.dir/link.txt --verbose=1
/Library/Developer/CommandLineTools/usr/bin/cc  -DDETECT_SIMD32_C_FLAGS -isysroot /Library/Developer/CommandLineTools/SDKs/MacOSX10.15.sdk -Wl,-search_paths_first -Wl,-headerpad_max_install_names   CMakeFiles/cmTC_79bf8.dir/src.c.o  -o cmTC_79bf8  -lm 


Source file was:

    #include <xmmintrin.h>
    int main(int c, char * * v) {
      __m128 a = _mm_set_ss((float)c), b = _mm_set_ss((float)!!v);
      return _mm_comineq_ss(a,b);
    }
  
Performing C SOURCE FILE Test DETECT_SIMD64_C_FLAGS succeeded with the following output:
Change Dir: /Users/xingquan.hf/Code/github/fork/videoconverter.js/build/soxr/Release/CMakeFiles/CMakeTmp

Run Build Command(s):/usr/bin/make cmTC_aa033/fast && /Library/Developer/CommandLineTools/usr/bin/make -f CMakeFiles/cmTC_aa033.dir/build.make CMakeFiles/cmTC_aa033.dir/build
Building C object CMakeFiles/cmTC_aa033.dir/src.c.o
/Library/Developer/CommandLineTools/usr/bin/cc   -DDETECT_SIMD64_C_FLAGS -mavx -isysroot /Library/Developer/CommandLineTools/SDKs/MacOSX10.15.sdk   -o CMakeFiles/cmTC_aa033.dir/src.c.o   -c /Users/xingquan.hf/Code/github/fork/videoconverter.js/build/soxr/Release/CMakeFiles/CMakeTmp/src.c
Linking C executable cmTC_aa033
/usr/local/Cellar/cmake/3.16.4/bin/cmake -E cmake_link_script CMakeFiles/cmTC_aa033.dir/link.txt --verbose=1
/Library/Developer/CommandLineTools/usr/bin/cc  -DDETECT_SIMD64_C_FLAGS -mavx -isysroot /Library/Developer/CommandLineTools/SDKs/MacOSX10.15.sdk -Wl,-search_paths_first -Wl,-headerpad_max_install_names   CMakeFiles/cmTC_aa033.dir/src.c.o  -o cmTC_aa033  -lm 


Source file was:

    #ifndef __AVX__
      #error
    #endif
    #include <immintrin.h>
    int main() {return 0;}
    
Determining if the function lrint exists passed with the following output:
Change Dir: /Users/xingquan.hf/Code/github/fork/videoconverter.js/build/soxr/Release/CMakeFiles/CMakeTmp

Run Build Command(s):/usr/bin/make cmTC_e484c/fast && /Library/Developer/CommandLineTools/usr/bin/make -f CMakeFiles/cmTC_e484c.dir/build.make CMakeFiles/cmTC_e484c.dir/build
Building C object CMakeFiles/cmTC_e484c.dir/CheckFunctionExists.c.o
/Library/Developer/CommandLineTools/usr/bin/cc   -DCHECK_FUNCTION_EXISTS=lrint -isysroot /Library/Developer/CommandLineTools/SDKs/MacOSX10.15.sdk   -o CMakeFiles/cmTC_e484c.dir/CheckFunctionExists.c.o   -c /usr/local/Cellar/cmake/3.16.4/share/cmake/Modules/CheckFunctionExists.c
/usr/local/Cellar/cmake/3.16.4/share/cmake/Modules/CheckFunctionExists.c:7:3: warning: incompatible redeclaration of library function 'lrint' [-Wincompatible-library-redeclaration]
  CHECK_FUNCTION_EXISTS(void);
  ^
<command line>:1:31: note: expanded from here
#define CHECK_FUNCTION_EXISTS lrint
                              ^
/usr/local/Cellar/cmake/3.16.4/share/cmake/Modules/CheckFunctionExists.c:7:3: note: 'lrint' is a builtin with type 'long (double)'
<command line>:1:31: note: expanded from here
#define CHECK_FUNCTION_EXISTS lrint
                              ^
1 warning generated.
Linking C executable cmTC_e484c
/usr/local/Cellar/cmake/3.16.4/bin/cmake -E cmake_link_script CMakeFiles/cmTC_e484c.dir/link.txt --verbose=1
/Library/Developer/CommandLineTools/usr/bin/cc  -DCHECK_FUNCTION_EXISTS=lrint -isysroot /Library/Developer/CommandLineTools/SDKs/MacOSX10.15.sdk -Wl,-search_paths_first -Wl,-headerpad_max_install_names   CMakeFiles/cmTC_e484c.dir/CheckFunctionExists.c.o  -o cmTC_e484c  -lm 



Determining if files fenv.h exist passed with the following output:
Change Dir: /Users/xingquan.hf/Code/github/fork/videoconverter.js/build/soxr/Release/CMakeFiles/CMakeTmp

Run Build Command(s):/usr/bin/make cmTC_24c83/fast && /Library/Developer/CommandLineTools/usr/bin/make -f CMakeFiles/cmTC_24c83.dir/build.make CMakeFiles/cmTC_24c83.dir/build
Building C object CMakeFiles/cmTC_24c83.dir/HAVE_FENV_H.c.o
/Library/Developer/CommandLineTools/usr/bin/cc   -isysroot /Library/Developer/CommandLineTools/SDKs/MacOSX10.15.sdk   -o CMakeFiles/cmTC_24c83.dir/HAVE_FENV_H.c.o   -c /Users/xingquan.hf/Code/github/fork/videoconverter.js/build/soxr/Release/CMakeFiles/CheckIncludeFiles/HAVE_FENV_H.c
Linking C executable cmTC_24c83
/usr/local/Cellar/cmake/3.16.4/bin/cmake -E cmake_link_script CMakeFiles/cmTC_24c83.dir/link.txt --verbose=1
/Library/Developer/CommandLineTools/usr/bin/cc   -isysroot /Library/Developer/CommandLineTools/SDKs/MacOSX10.15.sdk -Wl,-search_paths_first -Wl,-headerpad_max_install_names   CMakeFiles/cmTC_24c83.dir/HAVE_FENV_H.c.o  -o cmTC_24c83 



Determining if files stdbool.h exist passed with the following output:
Change Dir: /Users/xingquan.hf/Code/github/fork/videoconverter.js/build/soxr/Release/CMakeFiles/CMakeTmp

Run Build Command(s):/usr/bin/make cmTC_092d6/fast && /Library/Developer/CommandLineTools/usr/bin/make -f CMakeFiles/cmTC_092d6.dir/build.make CMakeFiles/cmTC_092d6.dir/build
Building C object CMakeFiles/cmTC_092d6.dir/HAVE_STDBOOL_H.c.o
/Library/Developer/CommandLineTools/usr/bin/cc   -isysroot /Library/Developer/CommandLineTools/SDKs/MacOSX10.15.sdk   -o CMakeFiles/cmTC_092d6.dir/HAVE_STDBOOL_H.c.o   -c /Users/xingquan.hf/Code/github/fork/videoconverter.js/build/soxr/Release/CMakeFiles/CheckIncludeFiles/HAVE_STDBOOL_H.c
Linking C executable cmTC_092d6
/usr/local/Cellar/cmake/3.16.4/bin/cmake -E cmake_link_script CMakeFiles/cmTC_092d6.dir/link.txt --verbose=1
/Library/Developer/CommandLineTools/usr/bin/cc   -isysroot /Library/Developer/CommandLineTools/SDKs/MacOSX10.15.sdk -Wl,-search_paths_first -Wl,-headerpad_max_install_names   CMakeFiles/cmTC_092d6.dir/HAVE_STDBOOL_H.c.o  -o cmTC_092d6 



Determining if files stdint.h exist passed with the following output:
Change Dir: /Users/xingquan.hf/Code/github/fork/videoconverter.js/build/soxr/Release/CMakeFiles/CMakeTmp

Run Build Command(s):/usr/bin/make cmTC_3fa66/fast && /Library/Developer/CommandLineTools/usr/bin/make -f CMakeFiles/cmTC_3fa66.dir/build.make CMakeFiles/cmTC_3fa66.dir/build
Building C object CMakeFiles/cmTC_3fa66.dir/HAVE_STDINT_H.c.o
/Library/Developer/CommandLineTools/usr/bin/cc   -isysroot /Library/Developer/CommandLineTools/SDKs/MacOSX10.15.sdk   -o CMakeFiles/cmTC_3fa66.dir/HAVE_STDINT_H.c.o   -c /Users/xingquan.hf/Code/github/fork/videoconverter.js/build/soxr/Release/CMakeFiles/CheckIncludeFiles/HAVE_STDINT_H.c
Linking C executable cmTC_3fa66
/usr/local/Cellar/cmake/3.16.4/bin/cmake -E cmake_link_script CMakeFiles/cmTC_3fa66.dir/link.txt --verbose=1
/Library/Developer/CommandLineTools/usr/bin/cc   -isysroot /Library/Developer/CommandLineTools/SDKs/MacOSX10.15.sdk -Wl,-search_paths_first -Wl,-headerpad_max_install_names   CMakeFiles/cmTC_3fa66.dir/HAVE_STDINT_H.c.o  -o cmTC_3fa66 



Determining if the include file sys/types.h exists passed with the following output:
Change Dir: /Users/xingquan.hf/Code/github/fork/videoconverter.js/build/soxr/Release/CMakeFiles/CMakeTmp

Run Build Command(s):/usr/bin/make cmTC_b356a/fast && /Library/Developer/CommandLineTools/usr/bin/make -f CMakeFiles/cmTC_b356a.dir/build.make CMakeFiles/cmTC_b356a.dir/build
Building C object CMakeFiles/cmTC_b356a.dir/CheckIncludeFile.c.o
/Library/Developer/CommandLineTools/usr/bin/cc   -isysroot /Library/Developer/CommandLineTools/SDKs/MacOSX10.15.sdk   -o CMakeFiles/cmTC_b356a.dir/CheckIncludeFile.c.o   -c /Users/xingquan.hf/Code/github/fork/videoconverter.js/build/soxr/Release/CMakeFiles/CMakeTmp/CheckIncludeFile.c
Linking C executable cmTC_b356a
/usr/local/Cellar/cmake/3.16.4/bin/cmake -E cmake_link_script CMakeFiles/cmTC_b356a.dir/link.txt --verbose=1
/Library/Developer/CommandLineTools/usr/bin/cc   -isysroot /Library/Developer/CommandLineTools/SDKs/MacOSX10.15.sdk -Wl,-search_paths_first -Wl,-headerpad_max_install_names   CMakeFiles/cmTC_b356a.dir/CheckIncludeFile.c.o  -o cmTC_b356a 



Determining if the include file stddef.h exists passed with the following output:
Change Dir: /Users/xingquan.hf/Code/github/fork/videoconverter.js/build/soxr/Release/CMakeFiles/CMakeTmp

Run Build Command(s):/usr/bin/make cmTC_f42ae/fast && /Library/Developer/CommandLineTools/usr/bin/make -f CMakeFiles/cmTC_f42ae.dir/build.make CMakeFiles/cmTC_f42ae.dir/build
Building C object CMakeFiles/cmTC_f42ae.dir/CheckIncludeFile.c.o
/Library/Developer/CommandLineTools/usr/bin/cc   -isysroot /Library/Developer/CommandLineTools/SDKs/MacOSX10.15.sdk   -o CMakeFiles/cmTC_f42ae.dir/CheckIncludeFile.c.o   -c /Users/xingquan.hf/Code/github/fork/videoconverter.js/build/soxr/Release/CMakeFiles/CMakeTmp/CheckIncludeFile.c
Linking C executable cmTC_f42ae
/usr/local/Cellar/cmake/3.16.4/bin/cmake -E cmake_link_script CMakeFiles/cmTC_f42ae.dir/link.txt --verbose=1
/Library/Developer/CommandLineTools/usr/bin/cc   -isysroot /Library/Developer/CommandLineTools/SDKs/MacOSX10.15.sdk -Wl,-search_paths_first -Wl,-headerpad_max_install_names   CMakeFiles/cmTC_f42ae.dir/CheckIncludeFile.c.o  -o cmTC_f42ae 



Determining size of unsigned short passed with the following output:
Change Dir: /Users/xingquan.hf/Code/github/fork/videoconverter.js/build/soxr/Release/CMakeFiles/CMakeTmp

Run Build Command(s):/usr/bin/make cmTC_52208/fast && /Library/Developer/CommandLineTools/usr/bin/make -f CMakeFiles/cmTC_52208.dir/build.make CMakeFiles/cmTC_52208.dir/build
Building C object CMakeFiles/cmTC_52208.dir/CMAKE_SIZEOF_UNSIGNED_SHORT.c.o
/Library/Developer/CommandLineTools/usr/bin/cc   -isysroot /Library/Developer/CommandLineTools/SDKs/MacOSX10.15.sdk   -o CMakeFiles/cmTC_52208.dir/CMAKE_SIZEOF_UNSIGNED_SHORT.c.o   -c /Users/xingquan.hf/Code/github/fork/videoconverter.js/build/soxr/Release/CMakeFiles/CheckTypeSize/CMAKE_SIZEOF_UNSIGNED_SHORT.c
Linking C executable cmTC_52208
/usr/local/Cellar/cmake/3.16.4/bin/cmake -E cmake_link_script CMakeFiles/cmTC_52208.dir/link.txt --verbose=1
/Library/Developer/CommandLineTools/usr/bin/cc   -isysroot /Library/Developer/CommandLineTools/SDKs/MacOSX10.15.sdk -Wl,-search_paths_first -Wl,-headerpad_max_install_names   CMakeFiles/cmTC_52208.dir/CMAKE_SIZEOF_UNSIGNED_SHORT.c.o  -o cmTC_52208  -lm 



Determining if the system is big endian passed with the following output:
Change Dir: /Users/xingquan.hf/Code/github/fork/videoconverter.js/build/soxr/Release/CMakeFiles/CMakeTmp

Run Build Command(s):/usr/bin/make cmTC_e2e06/fast && /Library/Developer/CommandLineTools/usr/bin/make -f CMakeFiles/cmTC_e2e06.dir/build.make CMakeFiles/cmTC_e2e06.dir/build
Building C object CMakeFiles/cmTC_e2e06.dir/TestEndianess.c.o
/Library/Developer/CommandLineTools/usr/bin/cc   -isysroot /Library/Developer/CommandLineTools/SDKs/MacOSX10.15.sdk   -o CMakeFiles/cmTC_e2e06.dir/TestEndianess.c.o   -c /Users/xingquan.hf/Code/github/fork/videoconverter.js/build/soxr/Release/CMakeFiles/CMakeTmp/TestEndianess.c
Linking C executable cmTC_e2e06
/usr/local/Cellar/cmake/3.16.4/bin/cmake -E cmake_link_script CMakeFiles/cmTC_e2e06.dir/link.txt --verbose=1
/Library/Developer/CommandLineTools/usr/bin/cc   -isysroot /Library/Developer/CommandLineTools/SDKs/MacOSX10.15.sdk -Wl,-search_paths_first -Wl,-headerpad_max_install_names   CMakeFiles/cmTC_e2e06.dir/TestEndianess.c.o  -o cmTC_e2e06 


TestEndianess.c:
/* A 16 bit integer is required. */
typedef unsigned short cmakeint16;

/* On a little endian machine, these 16bit ints will give "THIS IS LITTLE ENDIAN."
   On a big endian machine the characters will be exchanged pairwise. */
const cmakeint16 info_little[] =  {0x4854, 0x5349, 0x4920, 0x2053, 0x494c, 0x5454, 0x454c, 0x4520, 0x444e, 0x4149, 0x2e4e, 0x0000};

/* on a big endian machine, these 16bit ints will give "THIS IS BIG ENDIAN."
   On a little endian machine the characters will be exchanged pairwise. */
const cmakeint16 info_big[] =     {0x5448, 0x4953, 0x2049, 0x5320, 0x4249, 0x4720, 0x454e, 0x4449, 0x414e, 0x2e2e, 0x0000};

#ifdef __CLASSIC_C__
int main(argc, argv) int argc; char *argv[];
#else
int main(int argc, char *argv[])
#endif
{
  int require = 0;
  require += info_little[argc];
  require += info_big[argc];
  (void)argv;
  return require;
}


