Performing C SOURCE FILE Test OpenMP_FLAG_DETECTED failed with the following output:
Change Dir: /Users/xingquan.hf/Code/github/fork/videoconverter.js/build/lib/libsoxr/CMakeFiles/CMakeTmp

Run Build Command(s):/usr/bin/make cmTC_d4343/fast && /Library/Developer/CommandLineTools/usr/bin/make -f CMakeFiles/cmTC_d4343.dir/build.make CMakeFiles/cmTC_d4343.dir/build
Building C object CMakeFiles/cmTC_d4343.dir/src.c.o
/Users/xingquan.hf/Code/github/public/emsdk/upstream/emscripten/emcc   -DOpenMP_FLAG_DETECTED -fopenmp   -o CMakeFiles/cmTC_d4343.dir/src.c.o   -c /Users/xingquan.hf/Code/github/fork/videoconverter.js/build/lib/libsoxr/CMakeFiles/CMakeTmp/src.c
/Users/xingquan.hf/Code/github/fork/videoconverter.js/build/lib/libsoxr/CMakeFiles/CMakeTmp/src.c:2:10: fatal error: 'omp.h' file not found
#include <omp.h>
         ^~~~~~~
1 error generated.
emcc: error: '/Users/xingquan.hf/Code/github/public/emsdk/upstream/bin/clang -target wasm32-unknown-emscripten -D__EMSCRIPTEN_major__=1 -D__EMSCRIPTEN_minor__=39 -D__EMSCRIPTEN_tiny__=12 -D_LIBCPP_ABI_VERSION=2 -Dunix -D__unix -D__unix__ -Werror=implicit-function-declaration -Xclang -nostdsysteminc -Xclang -isystem/Users/xingquan.hf/Code/github/public/emsdk/upstream/emscripten/system/include/libcxx -Xclang -isystem/Users/xingquan.hf/Code/github/public/emsdk/upstream/emscripten/system/lib/libcxxabi/include -Xclang -isystem/Users/xingquan.hf/Code/github/public/emsdk/upstream/emscripten/system/lib/libunwind/include -Xclang -isystem/Users/xingquan.hf/Code/github/public/emsdk/upstream/emscripten/system/include/compat -Xclang -isystem/Users/xingquan.hf/Code/github/public/emsdk/upstream/emscripten/system/include -Xclang -isystem/Users/xingquan.hf/Code/github/public/emsdk/upstream/emscripten/system/include/libc -Xclang -isystem/Users/xingquan.hf/Code/github/public/emsdk/upstream/emscripten/system/lib/libc/musl/arch/emscripten -Xclang -isystem/Users/xingquan.hf/Code/github/public/emsdk/upstream/emscripten/system/local/include -Xclang -isystem/Users/xingquan.hf/.emscripten_cache/wasm/include -DOpenMP_FLAG_DETECTED -fopenmp -c -DEMSCRIPTEN -fignore-exceptions /Users/xingquan.hf/Code/github/fork/videoconverter.js/build/lib/libsoxr/CMakeFiles/CMakeTmp/src.c -Xclang -isystem/Users/xingquan.hf/Code/github/public/emsdk/upstream/emscripten/system/include/SDL -c -o CMakeFiles/cmTC_d4343.dir/src.c.o -mllvm -combiner-global-alias-analysis=false -mllvm -enable-emscripten-sjlj -mllvm -disable-lsr' failed (1)
make[1]: *** [CMakeFiles/cmTC_d4343.dir/src.c.o] Error 1
make: *** [cmTC_d4343/fast] Error 2


Source file was:

#include <omp.h>
int main() {
#ifdef _OPENMP
  return 0;
#else
  breaks_on_purpose
#endif
}

Performing C SOURCE FILE Test OpenMP_FLAG_DETECTED failed with the following output:
Change Dir: /Users/xingquan.hf/Code/github/fork/videoconverter.js/build/lib/libsoxr/CMakeFiles/CMakeTmp

Run Build Command(s):/usr/bin/make cmTC_69650/fast && /Library/Developer/CommandLineTools/usr/bin/make -f CMakeFiles/cmTC_69650.dir/build.make CMakeFiles/cmTC_69650.dir/build
Building C object CMakeFiles/cmTC_69650.dir/src.c.o
/Users/xingquan.hf/Code/github/public/emsdk/upstream/emscripten/emcc   -DOpenMP_FLAG_DETECTED /openmp   -o CMakeFiles/cmTC_69650.dir/src.c.o   -c /Users/xingquan.hf/Code/github/fork/videoconverter.js/build/lib/libsoxr/CMakeFiles/CMakeTmp/src.c
emcc: error: /openmp: No such file or directory ("/openmp" was expected to be an input file, based on the commandline arguments provided)
make[1]: *** [CMakeFiles/cmTC_69650.dir/src.c.o] Error 1
make: *** [cmTC_69650/fast] Error 2


Source file was:

#include <omp.h>
int main() {
#ifdef _OPENMP
  return 0;
#else
  breaks_on_purpose
#endif
}

Performing C SOURCE FILE Test OpenMP_FLAG_DETECTED failed with the following output:
Change Dir: /Users/xingquan.hf/Code/github/fork/videoconverter.js/build/lib/libsoxr/CMakeFiles/CMakeTmp

Run Build Command(s):/usr/bin/make cmTC_e486b/fast && /Library/Developer/CommandLineTools/usr/bin/make -f CMakeFiles/cmTC_e486b.dir/build.make CMakeFiles/cmTC_e486b.dir/build
Building C object CMakeFiles/cmTC_e486b.dir/src.c.o
/Users/xingquan.hf/Code/github/public/emsdk/upstream/emscripten/emcc   -DOpenMP_FLAG_DETECTED -Qopenmp   -o CMakeFiles/cmTC_e486b.dir/src.c.o   -c /Users/xingquan.hf/Code/github/fork/videoconverter.js/build/lib/libsoxr/CMakeFiles/CMakeTmp/src.c
clang-11: error: unknown argument '-Qopenmp'; did you mean '-fopenmp'?
emcc: error: '/Users/xingquan.hf/Code/github/public/emsdk/upstream/bin/clang -target wasm32-unknown-emscripten -D__EMSCRIPTEN_major__=1 -D__EMSCRIPTEN_minor__=39 -D__EMSCRIPTEN_tiny__=12 -D_LIBCPP_ABI_VERSION=2 -Dunix -D__unix -D__unix__ -Werror=implicit-function-declaration -Xclang -nostdsysteminc -Xclang -isystem/Users/xingquan.hf/Code/github/public/emsdk/upstream/emscripten/system/include/libcxx -Xclang -isystem/Users/xingquan.hf/Code/github/public/emsdk/upstream/emscripten/system/lib/libcxxabi/include -Xclang -isystem/Users/xingquan.hf/Code/github/public/emsdk/upstream/emscripten/system/lib/libunwind/include -Xclang -isystem/Users/xingquan.hf/Code/github/public/emsdk/upstream/emscripten/system/include/compat -Xclang -isystem/Users/xingquan.hf/Code/github/public/emsdk/upstream/emscripten/system/include -Xclang -isystem/Users/xingquan.hf/Code/github/public/emsdk/upstream/emscripten/system/include/libc -Xclang -isystem/Users/xingquan.hf/Code/github/public/emsdk/upstream/emscripten/system/lib/libc/musl/arch/emscripten -Xclang -isystem/Users/xingquan.hf/Code/github/public/emsdk/upstream/emscripten/system/local/include -Xclang -isystem/Users/xingquan.hf/.emscripten_cache/wasm/include -DOpenMP_FLAG_DETECTED -Qopenmp -c -DEMSCRIPTEN -fignore-exceptions /Users/xingquan.hf/Code/github/fork/videoconverter.js/build/lib/libsoxr/CMakeFiles/CMakeTmp/src.c -Xclang -isystem/Users/xingquan.hf/Code/github/public/emsdk/upstream/emscripten/system/include/SDL -c -o CMakeFiles/cmTC_e486b.dir/src.c.o -mllvm -combiner-global-alias-analysis=false -mllvm -enable-emscripten-sjlj -mllvm -disable-lsr' failed (1)
make[1]: *** [CMakeFiles/cmTC_e486b.dir/src.c.o] Error 1
make: *** [cmTC_e486b/fast] Error 2


Source file was:

#include <omp.h>
int main() {
#ifdef _OPENMP
  return 0;
#else
  breaks_on_purpose
#endif
}

Performing C SOURCE FILE Test OpenMP_FLAG_DETECTED failed with the following output:
Change Dir: /Users/xingquan.hf/Code/github/fork/videoconverter.js/build/lib/libsoxr/CMakeFiles/CMakeTmp

Run Build Command(s):/usr/bin/make cmTC_90538/fast && /Library/Developer/CommandLineTools/usr/bin/make -f CMakeFiles/cmTC_90538.dir/build.make CMakeFiles/cmTC_90538.dir/build
Building C object CMakeFiles/cmTC_90538.dir/src.c.o
/Users/xingquan.hf/Code/github/public/emsdk/upstream/emscripten/emcc   -DOpenMP_FLAG_DETECTED -openmp   -o CMakeFiles/cmTC_90538.dir/src.c.o   -c /Users/xingquan.hf/Code/github/fork/videoconverter.js/build/lib/libsoxr/CMakeFiles/CMakeTmp/src.c
/Users/xingquan.hf/Code/github/fork/videoconverter.js/build/lib/libsoxr/CMakeFiles/CMakeTmp/src.c:2:10: fatal error: 'omp.h' file not found
#include <omp.h>
         ^~~~~~~
1 error generated.
emcc: error: '/Users/xingquan.hf/Code/github/public/emsdk/upstream/bin/clang -target wasm32-unknown-emscripten -D__EMSCRIPTEN_major__=1 -D__EMSCRIPTEN_minor__=39 -D__EMSCRIPTEN_tiny__=12 -D_LIBCPP_ABI_VERSION=2 -Dunix -D__unix -D__unix__ -Werror=implicit-function-declaration -Xclang -nostdsysteminc -Xclang -isystem/Users/xingquan.hf/Code/github/public/emsdk/upstream/emscripten/system/include/libcxx -Xclang -isystem/Users/xingquan.hf/Code/github/public/emsdk/upstream/emscripten/system/lib/libcxxabi/include -Xclang -isystem/Users/xingquan.hf/Code/github/public/emsdk/upstream/emscripten/system/lib/libunwind/include -Xclang -isystem/Users/xingquan.hf/Code/github/public/emsdk/upstream/emscripten/system/include/compat -Xclang -isystem/Users/xingquan.hf/Code/github/public/emsdk/upstream/emscripten/system/include -Xclang -isystem/Users/xingquan.hf/Code/github/public/emsdk/upstream/emscripten/system/include/libc -Xclang -isystem/Users/xingquan.hf/Code/github/public/emsdk/upstream/emscripten/system/lib/libc/musl/arch/emscripten -Xclang -isystem/Users/xingquan.hf/Code/github/public/emsdk/upstream/emscripten/system/local/include -Xclang -isystem/Users/xingquan.hf/.emscripten_cache/wasm/include -DOpenMP_FLAG_DETECTED -c -DEMSCRIPTEN -fignore-exceptions /Users/xingquan.hf/Code/github/fork/videoconverter.js/build/lib/libsoxr/CMakeFiles/CMakeTmp/src.c -Xclang -isystem/Users/xingquan.hf/Code/github/public/emsdk/upstream/emscripten/system/include/SDL -c -o CMakeFiles/cmTC_90538.dir/src.c.o -mllvm -combiner-global-alias-analysis=false -mllvm -enable-emscripten-sjlj -mllvm -disable-lsr' failed (1)
make[1]: *** [CMakeFiles/cmTC_90538.dir/src.c.o] Error 1
make: *** [cmTC_90538/fast] Error 2


Source file was:

#include <omp.h>
int main() {
#ifdef _OPENMP
  return 0;
#else
  breaks_on_purpose
#endif
}

Performing C SOURCE FILE Test OpenMP_FLAG_DETECTED failed with the following output:
Change Dir: /Users/xingquan.hf/Code/github/fork/videoconverter.js/build/lib/libsoxr/CMakeFiles/CMakeTmp

Run Build Command(s):/usr/bin/make cmTC_3b619/fast && /Library/Developer/CommandLineTools/usr/bin/make -f CMakeFiles/cmTC_3b619.dir/build.make CMakeFiles/cmTC_3b619.dir/build
Building C object CMakeFiles/cmTC_3b619.dir/src.c.o
/Users/xingquan.hf/Code/github/public/emsdk/upstream/emscripten/emcc   -DOpenMP_FLAG_DETECTED   -o CMakeFiles/cmTC_3b619.dir/src.c.o   -c /Users/xingquan.hf/Code/github/fork/videoconverter.js/build/lib/libsoxr/CMakeFiles/CMakeTmp/src.c
/Users/xingquan.hf/Code/github/fork/videoconverter.js/build/lib/libsoxr/CMakeFiles/CMakeTmp/src.c:2:10: fatal error: 'omp.h' file not found
#include <omp.h>
         ^~~~~~~
1 error generated.
emcc: error: '/Users/xingquan.hf/Code/github/public/emsdk/upstream/bin/clang -target wasm32-unknown-emscripten -D__EMSCRIPTEN_major__=1 -D__EMSCRIPTEN_minor__=39 -D__EMSCRIPTEN_tiny__=12 -D_LIBCPP_ABI_VERSION=2 -Dunix -D__unix -D__unix__ -Werror=implicit-function-declaration -Xclang -nostdsysteminc -Xclang -isystem/Users/xingquan.hf/Code/github/public/emsdk/upstream/emscripten/system/include/libcxx -Xclang -isystem/Users/xingquan.hf/Code/github/public/emsdk/upstream/emscripten/system/lib/libcxxabi/include -Xclang -isystem/Users/xingquan.hf/Code/github/public/emsdk/upstream/emscripten/system/lib/libunwind/include -Xclang -isystem/Users/xingquan.hf/Code/github/public/emsdk/upstream/emscripten/system/include/compat -Xclang -isystem/Users/xingquan.hf/Code/github/public/emsdk/upstream/emscripten/system/include -Xclang -isystem/Users/xingquan.hf/Code/github/public/emsdk/upstream/emscripten/system/include/libc -Xclang -isystem/Users/xingquan.hf/Code/github/public/emsdk/upstream/emscripten/system/lib/libc/musl/arch/emscripten -Xclang -isystem/Users/xingquan.hf/Code/github/public/emsdk/upstream/emscripten/system/local/include -Xclang -isystem/Users/xingquan.hf/.emscripten_cache/wasm/include -DOpenMP_FLAG_DETECTED -c -DEMSCRIPTEN -fignore-exceptions /Users/xingquan.hf/Code/github/fork/videoconverter.js/build/lib/libsoxr/CMakeFiles/CMakeTmp/src.c -Xclang -isystem/Users/xingquan.hf/Code/github/public/emsdk/upstream/emscripten/system/include/SDL -c -o CMakeFiles/cmTC_3b619.dir/src.c.o -mllvm -combiner-global-alias-analysis=false -mllvm -enable-emscripten-sjlj -mllvm -disable-lsr' failed (1)
make[1]: *** [CMakeFiles/cmTC_3b619.dir/src.c.o] Error 1
make: *** [cmTC_3b619/fast] Error 2


Source file was:

#include <omp.h>
int main() {
#ifdef _OPENMP
  return 0;
#else
  breaks_on_purpose
#endif
}

Performing C SOURCE FILE Test OpenMP_FLAG_DETECTED failed with the following output:
Change Dir: /Users/xingquan.hf/Code/github/fork/videoconverter.js/build/lib/libsoxr/CMakeFiles/CMakeTmp

Run Build Command(s):/usr/bin/make cmTC_4510d/fast && /Library/Developer/CommandLineTools/usr/bin/make -f CMakeFiles/cmTC_4510d.dir/build.make CMakeFiles/cmTC_4510d.dir/build
Building C object CMakeFiles/cmTC_4510d.dir/src.c.o
/Users/xingquan.hf/Code/github/public/emsdk/upstream/emscripten/emcc   -DOpenMP_FLAG_DETECTED -xopenmp   -o CMakeFiles/cmTC_4510d.dir/src.c.o   -c /Users/xingquan.hf/Code/github/fork/videoconverter.js/build/lib/libsoxr/CMakeFiles/CMakeTmp/src.c
clang-11: error: language not recognized: 'openmp'
clang-11: warning: /Users/xingquan.hf/Code/github/fork/videoconverter.js/build/lib/libsoxr/CMakeFiles/CMakeTmp/src.c: 'linker' input unused [-Wunused-command-line-argument]
emcc: error: '/Users/xingquan.hf/Code/github/public/emsdk/upstream/bin/clang++ -target wasm32-unknown-emscripten -D__EMSCRIPTEN_major__=1 -D__EMSCRIPTEN_minor__=39 -D__EMSCRIPTEN_tiny__=12 -D_LIBCPP_ABI_VERSION=2 -Dunix -D__unix -D__unix__ -Werror=implicit-function-declaration -Xclang -nostdsysteminc -Xclang -isystem/Users/xingquan.hf/Code/github/public/emsdk/upstream/emscripten/system/include/libcxx -Xclang -isystem/Users/xingquan.hf/Code/github/public/emsdk/upstream/emscripten/system/lib/libcxxabi/include -Xclang -isystem/Users/xingquan.hf/Code/github/public/emsdk/upstream/emscripten/system/lib/libunwind/include -Xclang -isystem/Users/xingquan.hf/Code/github/public/emsdk/upstream/emscripten/system/include/compat -Xclang -isystem/Users/xingquan.hf/Code/github/public/emsdk/upstream/emscripten/system/include -Xclang -isystem/Users/xingquan.hf/Code/github/public/emsdk/upstream/emscripten/system/include/libc -Xclang -isystem/Users/xingquan.hf/Code/github/public/emsdk/upstream/emscripten/system/lib/libc/musl/arch/emscripten -Xclang -isystem/Users/xingquan.hf/Code/github/public/emsdk/upstream/emscripten/system/local/include -Xclang -isystem/Users/xingquan.hf/.emscripten_cache/wasm/include -DOpenMP_FLAG_DETECTED -xopenmp -c -DEMSCRIPTEN -fignore-exceptions /Users/xingquan.hf/Code/github/fork/videoconverter.js/build/lib/libsoxr/CMakeFiles/CMakeTmp/src.c -Xclang -isystem/Users/xingquan.hf/Code/github/public/emsdk/upstream/emscripten/system/include/SDL -c -o CMakeFiles/cmTC_4510d.dir/src.c.o -mllvm -combiner-global-alias-analysis=false -mllvm -enable-emscripten-sjlj -mllvm -disable-lsr' failed (1)
make[1]: *** [CMakeFiles/cmTC_4510d.dir/src.c.o] Error 1
make: *** [cmTC_4510d/fast] Error 2


Source file was:

#include <omp.h>
int main() {
#ifdef _OPENMP
  return 0;
#else
  breaks_on_purpose
#endif
}

Performing C SOURCE FILE Test OpenMP_FLAG_DETECTED failed with the following output:
Change Dir: /Users/xingquan.hf/Code/github/fork/videoconverter.js/build/lib/libsoxr/CMakeFiles/CMakeTmp

Run Build Command(s):/usr/bin/make cmTC_c374b/fast && /Library/Developer/CommandLineTools/usr/bin/make -f CMakeFiles/cmTC_c374b.dir/build.make CMakeFiles/cmTC_c374b.dir/build
Building C object CMakeFiles/cmTC_c374b.dir/src.c.o
/Users/xingquan.hf/Code/github/public/emsdk/upstream/emscripten/emcc   -DOpenMP_FLAG_DETECTED +Oopenmp   -o CMakeFiles/cmTC_c374b.dir/src.c.o   -c /Users/xingquan.hf/Code/github/fork/videoconverter.js/build/lib/libsoxr/CMakeFiles/CMakeTmp/src.c
emcc: error: +Oopenmp: No such file or directory ("+Oopenmp" was expected to be an input file, based on the commandline arguments provided)
make[1]: *** [CMakeFiles/cmTC_c374b.dir/src.c.o] Error 1
make: *** [cmTC_c374b/fast] Error 2


Source file was:

#include <omp.h>
int main() {
#ifdef _OPENMP
  return 0;
#else
  breaks_on_purpose
#endif
}

Performing C SOURCE FILE Test OpenMP_FLAG_DETECTED failed with the following output:
Change Dir: /Users/xingquan.hf/Code/github/fork/videoconverter.js/build/lib/libsoxr/CMakeFiles/CMakeTmp

Run Build Command(s):/usr/bin/make cmTC_d051f/fast && /Library/Developer/CommandLineTools/usr/bin/make -f CMakeFiles/cmTC_d051f.dir/build.make CMakeFiles/cmTC_d051f.dir/build
Building C object CMakeFiles/cmTC_d051f.dir/src.c.o
/Users/xingquan.hf/Code/github/public/emsdk/upstream/emscripten/emcc   -DOpenMP_FLAG_DETECTED -qsmp   -o CMakeFiles/cmTC_d051f.dir/src.c.o   -c /Users/xingquan.hf/Code/github/fork/videoconverter.js/build/lib/libsoxr/CMakeFiles/CMakeTmp/src.c
clang-11: error: unknown argument: '-qsmp'
emcc: error: '/Users/xingquan.hf/Code/github/public/emsdk/upstream/bin/clang -target wasm32-unknown-emscripten -D__EMSCRIPTEN_major__=1 -D__EMSCRIPTEN_minor__=39 -D__EMSCRIPTEN_tiny__=12 -D_LIBCPP_ABI_VERSION=2 -Dunix -D__unix -D__unix__ -Werror=implicit-function-declaration -Xclang -nostdsysteminc -Xclang -isystem/Users/xingquan.hf/Code/github/public/emsdk/upstream/emscripten/system/include/libcxx -Xclang -isystem/Users/xingquan.hf/Code/github/public/emsdk/upstream/emscripten/system/lib/libcxxabi/include -Xclang -isystem/Users/xingquan.hf/Code/github/public/emsdk/upstream/emscripten/system/lib/libunwind/include -Xclang -isystem/Users/xingquan.hf/Code/github/public/emsdk/upstream/emscripten/system/include/compat -Xclang -isystem/Users/xingquan.hf/Code/github/public/emsdk/upstream/emscripten/system/include -Xclang -isystem/Users/xingquan.hf/Code/github/public/emsdk/upstream/emscripten/system/include/libc -Xclang -isystem/Users/xingquan.hf/Code/github/public/emsdk/upstream/emscripten/system/lib/libc/musl/arch/emscripten -Xclang -isystem/Users/xingquan.hf/Code/github/public/emsdk/upstream/emscripten/system/local/include -Xclang -isystem/Users/xingquan.hf/.emscripten_cache/wasm/include -DOpenMP_FLAG_DETECTED -qsmp -c -DEMSCRIPTEN -fignore-exceptions /Users/xingquan.hf/Code/github/fork/videoconverter.js/build/lib/libsoxr/CMakeFiles/CMakeTmp/src.c -Xclang -isystem/Users/xingquan.hf/Code/github/public/emsdk/upstream/emscripten/system/include/SDL -c -o CMakeFiles/cmTC_d051f.dir/src.c.o -mllvm -combiner-global-alias-analysis=false -mllvm -enable-emscripten-sjlj -mllvm -disable-lsr' failed (1)
make[1]: *** [CMakeFiles/cmTC_d051f.dir/src.c.o] Error 1
make: *** [cmTC_d051f/fast] Error 2


Source file was:

#include <omp.h>
int main() {
#ifdef _OPENMP
  return 0;
#else
  breaks_on_purpose
#endif
}

Performing C SOURCE FILE Test OpenMP_FLAG_DETECTED failed with the following output:
Change Dir: /Users/xingquan.hf/Code/github/fork/videoconverter.js/build/lib/libsoxr/CMakeFiles/CMakeTmp

Run Build Command(s):/usr/bin/make cmTC_717d3/fast && /Library/Developer/CommandLineTools/usr/bin/make -f CMakeFiles/cmTC_717d3.dir/build.make CMakeFiles/cmTC_717d3.dir/build
Building C object CMakeFiles/cmTC_717d3.dir/src.c.o
/Users/xingquan.hf/Code/github/public/emsdk/upstream/emscripten/emcc   -DOpenMP_FLAG_DETECTED -mp   -o CMakeFiles/cmTC_717d3.dir/src.c.o   -c /Users/xingquan.hf/Code/github/fork/videoconverter.js/build/lib/libsoxr/CMakeFiles/CMakeTmp/src.c
clang-11: error: unknown argument: '-mp'
emcc: error: '/Users/xingquan.hf/Code/github/public/emsdk/upstream/bin/clang -target wasm32-unknown-emscripten -D__EMSCRIPTEN_major__=1 -D__EMSCRIPTEN_minor__=39 -D__EMSCRIPTEN_tiny__=12 -D_LIBCPP_ABI_VERSION=2 -Dunix -D__unix -D__unix__ -Werror=implicit-function-declaration -Xclang -nostdsysteminc -Xclang -isystem/Users/xingquan.hf/Code/github/public/emsdk/upstream/emscripten/system/include/libcxx -Xclang -isystem/Users/xingquan.hf/Code/github/public/emsdk/upstream/emscripten/system/lib/libcxxabi/include -Xclang -isystem/Users/xingquan.hf/Code/github/public/emsdk/upstream/emscripten/system/lib/libunwind/include -Xclang -isystem/Users/xingquan.hf/Code/github/public/emsdk/upstream/emscripten/system/include/compat -Xclang -isystem/Users/xingquan.hf/Code/github/public/emsdk/upstream/emscripten/system/include -Xclang -isystem/Users/xingquan.hf/Code/github/public/emsdk/upstream/emscripten/system/include/libc -Xclang -isystem/Users/xingquan.hf/Code/github/public/emsdk/upstream/emscripten/system/lib/libc/musl/arch/emscripten -Xclang -isystem/Users/xingquan.hf/Code/github/public/emsdk/upstream/emscripten/system/local/include -Xclang -isystem/Users/xingquan.hf/.emscripten_cache/wasm/include -DOpenMP_FLAG_DETECTED -mp -c -DEMSCRIPTEN -fignore-exceptions /Users/xingquan.hf/Code/github/fork/videoconverter.js/build/lib/libsoxr/CMakeFiles/CMakeTmp/src.c -Xclang -isystem/Users/xingquan.hf/Code/github/public/emsdk/upstream/emscripten/system/include/SDL -c -o CMakeFiles/cmTC_717d3.dir/src.c.o -mllvm -combiner-global-alias-analysis=false -mllvm -enable-emscripten-sjlj -mllvm -disable-lsr' failed (1)
make[1]: *** [CMakeFiles/cmTC_717d3.dir/src.c.o] Error 1
make: *** [cmTC_717d3/fast] Error 2


Source file was:

#include <omp.h>
int main() {
#ifdef _OPENMP
  return 0;
#else
  breaks_on_purpose
#endif
}

Performing C SOURCE FILE Test SIMD_FLAG_DETECTED failed with the following output:
Change Dir: /Users/xingquan.hf/Code/github/fork/videoconverter.js/build/lib/libsoxr/CMakeFiles/CMakeTmp

Run Build Command(s):/usr/bin/make cmTC_6dc32/fast && /Library/Developer/CommandLineTools/usr/bin/make -f CMakeFiles/cmTC_6dc32.dir/build.make CMakeFiles/cmTC_6dc32.dir/build
Building C object CMakeFiles/cmTC_6dc32.dir/src.c.o
/Users/xingquan.hf/Code/github/public/emsdk/upstream/emscripten/emcc   -DSIMD_FLAG_DETECTED   -o CMakeFiles/cmTC_6dc32.dir/src.c.o   -c /Users/xingquan.hf/Code/github/fork/videoconverter.js/build/lib/libsoxr/CMakeFiles/CMakeTmp/src.c
In file included from /Users/xingquan.hf/Code/github/fork/videoconverter.js/build/lib/libsoxr/CMakeFiles/CMakeTmp/src.c:2:
In file included from /Users/xingquan.hf/Code/github/public/emsdk/upstream/lib/clang/11.0.0/include/xmmintrin.h:13:
/Users/xingquan.hf/Code/github/public/emsdk/upstream/lib/clang/11.0.0/include/mmintrin.h:50:12: error: invalid conversion between vector type '__m64' (vector of 1 'long long' value) and integer type 'int' of different size
    return (__m64)__builtin_ia32_vec_init_v2si(__i, 0);
           ^~~~~~~~~~~~~~~~~~~~~~~~~~~~~~~~~~~~~~~~~~~
/Users/xingquan.hf/Code/github/public/emsdk/upstream/lib/clang/11.0.0/include/mmintrin.h:129:12: error: invalid conversion between vector type '__m64' (vector of 1 'long long' value) and integer type 'int' of different size
    return (__m64)__builtin_ia32_packsswb((__v4hi)__m1, (__v4hi)__m2);
           ^~~~~~~~~~~~~~~~~~~~~~~~~~~~~~~~~~~~~~~~~~~~~~~~~~~~~~~~~~
/Users/xingquan.hf/Code/github/public/emsdk/upstream/lib/clang/11.0.0/include/mmintrin.h:159:12: error: invalid conversion between vector type '__m64' (vector of 1 'long long' value) and integer type 'int' of different size
    return (__m64)__builtin_ia32_packssdw((__v2si)__m1, (__v2si)__m2);
           ^~~~~~~~~~~~~~~~~~~~~~~~~~~~~~~~~~~~~~~~~~~~~~~~~~~~~~~~~~
/Users/xingquan.hf/Code/github/public/emsdk/upstream/lib/clang/11.0.0/include/mmintrin.h:189:12: error: invalid conversion between vector type '__m64' (vector of 1 'long long' value) and integer type 'int' of different size
    return (__m64)__builtin_ia32_packuswb((__v4hi)__m1, (__v4hi)__m2);
           ^~~~~~~~~~~~~~~~~~~~~~~~~~~~~~~~~~~~~~~~~~~~~~~~~~~~~~~~~~
/Users/xingquan.hf/Code/github/public/emsdk/upstream/lib/clang/11.0.0/include/mmintrin.h:216:12: error: invalid conversion between vector type '__m64' (vector of 1 'long long' value) and integer type 'int' of different size
    return (__m64)__builtin_ia32_punpckhbw((__v8qi)__m1, (__v8qi)__m2);
           ^~~~~~~~~~~~~~~~~~~~~~~~~~~~~~~~~~~~~~~~~~~~~~~~~~~~~~~~~~~
/Users/xingquan.hf/Code/github/public/emsdk/upstream/lib/clang/11.0.0/include/mmintrin.h:239:12: error: invalid conversion between vector type '__m64' (vector of 1 'long long' value) and integer type 'int' of different size
    return (__m64)__builtin_ia32_punpckhwd((__v4hi)__m1, (__v4hi)__m2);
           ^~~~~~~~~~~~~~~~~~~~~~~~~~~~~~~~~~~~~~~~~~~~~~~~~~~~~~~~~~~
/Users/xingquan.hf/Code/github/public/emsdk/upstream/lib/clang/11.0.0/include/mmintrin.h:260:12: error: invalid conversion between vector type '__m64' (vector of 1 'long long' value) and integer type 'int' of different size
    return (__m64)__builtin_ia32_punpckhdq((__v2si)__m1, (__v2si)__m2);
           ^~~~~~~~~~~~~~~~~~~~~~~~~~~~~~~~~~~~~~~~~~~~~~~~~~~~~~~~~~~
/Users/xingquan.hf/Code/github/public/emsdk/upstream/lib/clang/11.0.0/include/mmintrin.h:287:12: error: invalid conversion between vector type '__m64' (vector of 1 'long long' value) and integer type 'int' of different size
    return (__m64)__builtin_ia32_punpcklbw((__v8qi)__m1, (__v8qi)__m2);
           ^~~~~~~~~~~~~~~~~~~~~~~~~~~~~~~~~~~~~~~~~~~~~~~~~~~~~~~~~~~
/Users/xingquan.hf/Code/github/public/emsdk/upstream/lib/clang/11.0.0/include/mmintrin.h:310:12: error: invalid conversion between vector type '__m64' (vector of 1 'long long' value) and integer type 'int' of different size
    return (__m64)__builtin_ia32_punpcklwd((__v4hi)__m1, (__v4hi)__m2);
           ^~~~~~~~~~~~~~~~~~~~~~~~~~~~~~~~~~~~~~~~~~~~~~~~~~~~~~~~~~~
/Users/xingquan.hf/Code/github/public/emsdk/upstream/lib/clang/11.0.0/include/mmintrin.h:331:12: error: invalid conversion between vector type '__m64' (vector of 1 'long long' value) and integer type 'int' of different size
    return (__m64)__builtin_ia32_punpckldq((__v2si)__m1, (__v2si)__m2);
           ^~~~~~~~~~~~~~~~~~~~~~~~~~~~~~~~~~~~~~~~~~~~~~~~~~~~~~~~~~~
/Users/xingquan.hf/Code/github/public/emsdk/upstream/lib/clang/11.0.0/include/mmintrin.h:352:12: error: invalid conversion between vector type '__m64' (vector of 1 'long long' value) and integer type 'int' of different size
    return (__m64)__builtin_ia32_paddb((__v8qi)__m1, (__v8qi)__m2);
           ^~~~~~~~~~~~~~~~~~~~~~~~~~~~~~~~~~~~~~~~~~~~~~~~~~~~~~~
/Users/xingquan.hf/Code/github/public/emsdk/upstream/lib/clang/11.0.0/include/mmintrin.h:373:12: error: invalid conversion between vector type '__m64' (vector of 1 'long long' value) and integer type 'int' of different size
    return (__m64)__builtin_ia32_paddw((__v4hi)__m1, (__v4hi)__m2);
           ^~~~~~~~~~~~~~~~~~~~~~~~~~~~~~~~~~~~~~~~~~~~~~~~~~~~~~~
/Users/xingquan.hf/Code/github/public/emsdk/upstream/lib/clang/11.0.0/include/mmintrin.h:394:12: error: invalid conversion between vector type '__m64' (vector of 1 'long long' value) and integer type 'int' of different size
    return (__m64)__builtin_ia32_paddd((__v2si)__m1, (__v2si)__m2);
           ^~~~~~~~~~~~~~~~~~~~~~~~~~~~~~~~~~~~~~~~~~~~~~~~~~~~~~~
/Users/xingquan.hf/Code/github/public/emsdk/upstream/lib/clang/11.0.0/include/mmintrin.h:416:12: error: invalid conversion between vector type '__m64' (vector of 1 'long long' value) and integer type 'int' of different size
    return (__m64)__builtin_ia32_paddsb((__v8qi)__m1, (__v8qi)__m2);
           ^~~~~~~~~~~~~~~~~~~~~~~~~~~~~~~~~~~~~~~~~~~~~~~~~~~~~~~~
/Users/xingquan.hf/Code/github/public/emsdk/upstream/lib/clang/11.0.0/include/mmintrin.h:439:12: error: invalid conversion between vector type '__m64' (vector of 1 'long long' value) and integer type 'int' of different size
    return (__m64)__builtin_ia32_paddsw((__v4hi)__m1, (__v4hi)__m2);
           ^~~~~~~~~~~~~~~~~~~~~~~~~~~~~~~~~~~~~~~~~~~~~~~~~~~~~~~~
/Users/xingquan.hf/Code/github/public/emsdk/upstream/lib/clang/11.0.0/include/mmintrin.h:461:12: error: invalid conversion between vector type '__m64' (vector of 1 'long long' value) and integer type 'int' of different size
    return (__m64)__builtin_ia32_paddusb((__v8qi)__m1, (__v8qi)__m2);
           ^~~~~~~~~~~~~~~~~~~~~~~~~~~~~~~~~~~~~~~~~~~~~~~~~~~~~~~~~
/Users/xingquan.hf/Code/github/public/emsdk/upstream/lib/clang/11.0.0/include/mmintrin.h:483:12: error: invalid conversion between vector type '__m64' (vector of 1 'long long' value) and integer type 'int' of different size
    return (__m64)__builtin_ia32_paddusw((__v4hi)__m1, (__v4hi)__m2);
           ^~~~~~~~~~~~~~~~~~~~~~~~~~~~~~~~~~~~~~~~~~~~~~~~~~~~~~~~~
/Users/xingquan.hf/Code/github/public/emsdk/upstream/lib/clang/11.0.0/include/mmintrin.h:504:12: error: invalid conversion between vector type '__m64' (vector of 1 'long long' value) and integer type 'int' of different size
    return (__m64)__builtin_ia32_psubb((__v8qi)__m1, (__v8qi)__m2);
           ^~~~~~~~~~~~~~~~~~~~~~~~~~~~~~~~~~~~~~~~~~~~~~~~~~~~~~~
/Users/xingquan.hf/Code/github/public/emsdk/upstream/lib/clang/11.0.0/include/mmintrin.h:525:12: error: invalid conversion between vector type '__m64' (vector of 1 'long long' value) and integer type 'int' of different size
    return (__m64)__builtin_ia32_psubw((__v4hi)__m1, (__v4hi)__m2);
           ^~~~~~~~~~~~~~~~~~~~~~~~~~~~~~~~~~~~~~~~~~~~~~~~~~~~~~~
fatal error: too many errors emitted, stopping now [-ferror-limit=]
20 errors generated.
emcc: error: '/Users/xingquan.hf/Code/github/public/emsdk/upstream/bin/clang -target wasm32-unknown-emscripten -D__EMSCRIPTEN_major__=1 -D__EMSCRIPTEN_minor__=39 -D__EMSCRIPTEN_tiny__=12 -D_LIBCPP_ABI_VERSION=2 -Dunix -D__unix -D__unix__ -Werror=implicit-function-declaration -Xclang -nostdsysteminc -Xclang -isystem/Users/xingquan.hf/Code/github/public/emsdk/upstream/emscripten/system/include/libcxx -Xclang -isystem/Users/xingquan.hf/Code/github/public/emsdk/upstream/emscripten/system/lib/libcxxabi/include -Xclang -isystem/Users/xingquan.hf/Code/github/public/emsdk/upstream/emscripten/system/lib/libunwind/include -Xclang -isystem/Users/xingquan.hf/Code/github/public/emsdk/upstream/emscripten/system/include/compat -Xclang -isystem/Users/xingquan.hf/Code/github/public/emsdk/upstream/emscripten/system/include -Xclang -isystem/Users/xingquan.hf/Code/github/public/emsdk/upstream/emscripten/system/include/libc -Xclang -isystem/Users/xingquan.hf/Code/github/public/emsdk/upstream/emscripten/system/lib/libc/musl/arch/emscripten -Xclang -isystem/Users/xingquan.hf/Code/github/public/emsdk/upstream/emscripten/system/local/include -Xclang -isystem/Users/xingquan.hf/.emscripten_cache/wasm/include -DSIMD_FLAG_DETECTED -c -DEMSCRIPTEN -fignore-exceptions /Users/xingquan.hf/Code/github/fork/videoconverter.js/build/lib/libsoxr/CMakeFiles/CMakeTmp/src.c -Xclang -isystem/Users/xingquan.hf/Code/github/public/emsdk/upstream/emscripten/system/include/SDL -c -o CMakeFiles/cmTC_6dc32.dir/src.c.o -mllvm -combiner-global-alias-analysis=false -mllvm -enable-emscripten-sjlj -mllvm -disable-lsr' failed (1)
make[1]: *** [CMakeFiles/cmTC_6dc32.dir/src.c.o] Error 1
make: *** [cmTC_6dc32/fast] Error 2


Source file was:

#include <xmmintrin.h>
int main()
{
  __m128 a, b;
  float vals[4] = {0};
  a = _mm_loadu_ps (vals);
  b = a;
  b = _mm_add_ps (a,b);
  _mm_storeu_ps (vals,b);
  return 0;
}

Performing C SOURCE FILE Test SIMD_FLAG_DETECTED failed with the following output:
Change Dir: /Users/xingquan.hf/Code/github/fork/videoconverter.js/build/lib/libsoxr/CMakeFiles/CMakeTmp

Run Build Command(s):/usr/bin/make cmTC_36e0c/fast && /Library/Developer/CommandLineTools/usr/bin/make -f CMakeFiles/cmTC_36e0c.dir/build.make CMakeFiles/cmTC_36e0c.dir/build
Building C object CMakeFiles/cmTC_36e0c.dir/src.c.o
/Users/xingquan.hf/Code/github/public/emsdk/upstream/emscripten/emcc   -DSIMD_FLAG_DETECTED /arch:SSE /fp:fast -D__SSE__   -o CMakeFiles/cmTC_36e0c.dir/src.c.o   -c /Users/xingquan.hf/Code/github/fork/videoconverter.js/build/lib/libsoxr/CMakeFiles/CMakeTmp/src.c
emcc: error: /arch:SSE: No such file or directory ("/arch:SSE" was expected to be an input file, based on the commandline arguments provided)
make[1]: *** [CMakeFiles/cmTC_36e0c.dir/src.c.o] Error 1
make: *** [cmTC_36e0c/fast] Error 2


Source file was:

#include <xmmintrin.h>
int main()
{
  __m128 a, b;
  float vals[4] = {0};
  a = _mm_loadu_ps (vals);
  b = a;
  b = _mm_add_ps (a,b);
  _mm_storeu_ps (vals,b);
  return 0;
}

Performing C SOURCE FILE Test SIMD_FLAG_DETECTED failed with the following output:
Change Dir: /Users/xingquan.hf/Code/github/fork/videoconverter.js/build/lib/libsoxr/CMakeFiles/CMakeTmp

Run Build Command(s):/usr/bin/make cmTC_27d1e/fast && /Library/Developer/CommandLineTools/usr/bin/make -f CMakeFiles/cmTC_27d1e.dir/build.make CMakeFiles/cmTC_27d1e.dir/build
Building C object CMakeFiles/cmTC_27d1e.dir/src.c.o
/Users/xingquan.hf/Code/github/public/emsdk/upstream/emscripten/emcc   -DSIMD_FLAG_DETECTED -msse -mfpmath=sse   -o CMakeFiles/cmTC_27d1e.dir/src.c.o   -c /Users/xingquan.hf/Code/github/fork/videoconverter.js/build/lib/libsoxr/CMakeFiles/CMakeTmp/src.c
clang-11: warning: argument unused during compilation: '-msse' [-Wunused-command-line-argument]
error: unknown FP unit 'sse'
emcc: error: '/Users/xingquan.hf/Code/github/public/emsdk/upstream/bin/clang -target wasm32-unknown-emscripten -D__EMSCRIPTEN_major__=1 -D__EMSCRIPTEN_minor__=39 -D__EMSCRIPTEN_tiny__=12 -D_LIBCPP_ABI_VERSION=2 -Dunix -D__unix -D__unix__ -Werror=implicit-function-declaration -Xclang -nostdsysteminc -Xclang -isystem/Users/xingquan.hf/Code/github/public/emsdk/upstream/emscripten/system/include/libcxx -Xclang -isystem/Users/xingquan.hf/Code/github/public/emsdk/upstream/emscripten/system/lib/libcxxabi/include -Xclang -isystem/Users/xingquan.hf/Code/github/public/emsdk/upstream/emscripten/system/lib/libunwind/include -Xclang -isystem/Users/xingquan.hf/Code/github/public/emsdk/upstream/emscripten/system/include/compat -Xclang -isystem/Users/xingquan.hf/Code/github/public/emsdk/upstream/emscripten/system/include -Xclang -isystem/Users/xingquan.hf/Code/github/public/emsdk/upstream/emscripten/system/include/libc -Xclang -isystem/Users/xingquan.hf/Code/github/public/emsdk/upstream/emscripten/system/lib/libc/musl/arch/emscripten -Xclang -isystem/Users/xingquan.hf/Code/github/public/emsdk/upstream/emscripten/system/local/include -Xclang -isystem/Users/xingquan.hf/.emscripten_cache/wasm/include -DSIMD_FLAG_DETECTED -msse -mfpmath=sse -c -DEMSCRIPTEN -fignore-exceptions /Users/xingquan.hf/Code/github/fork/videoconverter.js/build/lib/libsoxr/CMakeFiles/CMakeTmp/src.c -Xclang -isystem/Users/xingquan.hf/Code/github/public/emsdk/upstream/emscripten/system/include/SDL -c -o CMakeFiles/cmTC_27d1e.dir/src.c.o -mllvm -combiner-global-alias-analysis=false -mllvm -enable-emscripten-sjlj -mllvm -disable-lsr' failed (1)
make[1]: *** [CMakeFiles/cmTC_27d1e.dir/src.c.o] Error 1
make: *** [cmTC_27d1e/fast] Error 2


Source file was:

#include <xmmintrin.h>
int main()
{
  __m128 a, b;
  float vals[4] = {0};
  a = _mm_loadu_ps (vals);
  b = a;
  b = _mm_add_ps (a,b);
  _mm_storeu_ps (vals,b);
  return 0;
}

Performing C SOURCE FILE Test SIMD_FLAG_DETECTED failed with the following output:
Change Dir: /Users/xingquan.hf/Code/github/fork/videoconverter.js/build/lib/libsoxr/CMakeFiles/CMakeTmp

Run Build Command(s):/usr/bin/make cmTC_ca0b1/fast && /Library/Developer/CommandLineTools/usr/bin/make -f CMakeFiles/cmTC_ca0b1.dir/build.make CMakeFiles/cmTC_ca0b1.dir/build
Building C object CMakeFiles/cmTC_ca0b1.dir/src.c.o
/Users/xingquan.hf/Code/github/public/emsdk/upstream/emscripten/emcc   -DSIMD_FLAG_DETECTED -msse -mfpmath=sse   -o CMakeFiles/cmTC_ca0b1.dir/src.c.o   -c /Users/xingquan.hf/Code/github/fork/videoconverter.js/build/lib/libsoxr/CMakeFiles/CMakeTmp/src.c
clang-11: warning: argument unused during compilation: '-msse' [-Wunused-command-line-argument]
error: unknown FP unit 'sse'
emcc: error: '/Users/xingquan.hf/Code/github/public/emsdk/upstream/bin/clang -target wasm32-unknown-emscripten -D__EMSCRIPTEN_major__=1 -D__EMSCRIPTEN_minor__=39 -D__EMSCRIPTEN_tiny__=12 -D_LIBCPP_ABI_VERSION=2 -Dunix -D__unix -D__unix__ -Werror=implicit-function-declaration -Xclang -nostdsysteminc -Xclang -isystem/Users/xingquan.hf/Code/github/public/emsdk/upstream/emscripten/system/include/libcxx -Xclang -isystem/Users/xingquan.hf/Code/github/public/emsdk/upstream/emscripten/system/lib/libcxxabi/include -Xclang -isystem/Users/xingquan.hf/Code/github/public/emsdk/upstream/emscripten/system/lib/libunwind/include -Xclang -isystem/Users/xingquan.hf/Code/github/public/emsdk/upstream/emscripten/system/include/compat -Xclang -isystem/Users/xingquan.hf/Code/github/public/emsdk/upstream/emscripten/system/include -Xclang -isystem/Users/xingquan.hf/Code/github/public/emsdk/upstream/emscripten/system/include/libc -Xclang -isystem/Users/xingquan.hf/Code/github/public/emsdk/upstream/emscripten/system/lib/libc/musl/arch/emscripten -Xclang -isystem/Users/xingquan.hf/Code/github/public/emsdk/upstream/emscripten/system/local/include -Xclang -isystem/Users/xingquan.hf/.emscripten_cache/wasm/include -DSIMD_FLAG_DETECTED -msse -mfpmath=sse -c -DEMSCRIPTEN -fignore-exceptions /Users/xingquan.hf/Code/github/fork/videoconverter.js/build/lib/libsoxr/CMakeFiles/CMakeTmp/src.c -Xclang -isystem/Users/xingquan.hf/Code/github/public/emsdk/upstream/emscripten/system/include/SDL -c -o CMakeFiles/cmTC_ca0b1.dir/src.c.o -mllvm -combiner-global-alias-analysis=false -mllvm -enable-emscripten-sjlj -mllvm -disable-lsr' failed (1)
make[1]: *** [CMakeFiles/cmTC_ca0b1.dir/src.c.o] Error 1
make: *** [cmTC_ca0b1/fast] Error 2


Source file was:

#include <xmmintrin.h>
int main()
{
  __m128 a, b;
  float vals[4] = {0};
  a = _mm_loadu_ps (vals);
  b = a;
  b = _mm_add_ps (a,b);
  _mm_storeu_ps (vals,b);
  return 0;
}

